<?xml version="1.0" encoding="UTF-8"?>
<testng-results skipped="0" failed="0" ignored="0" total="1" passed="1">
  <reporter-output>
  </reporter-output>
  <suite name="Default suite" duration-ms="100424" started-at="2018-08-02T12:39:04Z" finished-at="2018-08-02T12:40:44Z">
    <groups>
    </groups>
    <test name="Default test" duration-ms="100424" started-at="2018-08-02T12:39:04Z" finished-at="2018-08-02T12:40:44Z">
      <class name="fraameworkTest.HomePageTest">
        <test-method status="PASS" signature="initSetTestBase()[pri:0, instance:fraameworkTest.HomePageTest@685cb137]" name="initSetTestBase" is-config="true" duration-ms="3474" started-at="2018-08-02T12:39:04Z" finished-at="2018-08-02T12:39:07Z">
          <reporter-output>
          </reporter-output>
        </test-method> <!-- initSetTestBase -->
        <test-method status="PASS" signature="initSet()[pri:0, instance:fraameworkTest.HomePageTest@685cb137]" name="initSet" is-config="true" duration-ms="62229" started-at="2018-08-02T12:39:07Z" finished-at="2018-08-02T12:40:10Z">
          <reporter-output>
          </reporter-output>
        </test-method> <!-- initSet -->
        <test-method status="PASS" signature="textCheck()[pri:0, instance:fraameworkTest.HomePageTest@685cb137]" name="textCheck" duration-ms="31597" started-at="2018-08-02T12:40:10Z" finished-at="2018-08-02T12:40:41Z">
          <reporter-output>
          </reporter-output>
        </test-method> <!-- textCheck -->
        <test-method status="PASS" signature="afterMethod()[pri:0, instance:fraameworkTest.HomePageTest@685cb137]" name="afterMethod" is-config="true" duration-ms="187" started-at="2018-08-02T12:40:41Z" finished-at="2018-08-02T12:40:41Z">
          <reporter-output>
          </reporter-output>
        </test-method> <!-- afterMethod -->
        <test-method status="PASS" signature="tearDownp()[pri:0, instance:fraameworkTest.HomePageTest@685cb137]" name="tearDownp" is-config="true" duration-ms="2912" started-at="2018-08-02T12:40:41Z" finished-at="2018-08-02T12:40:44Z">
          <reporter-output>
          </reporter-output>
        </test-method> <!-- tearDownp -->
      </class> <!-- fraameworkTest.HomePageTest -->
    </test> <!-- Default test -->
  </suite> <!-- Default suite -->
</testng-results>
